# JRE version: Java(TM) SE Runtime Environment (8.0_202-b08) (build 1.8.0_202-b08)
# Java VM: Java HotSpot(TM) 64-Bit Server VM (25.202-b08 mixed mode windows-amd64 compressed oops)
Heap:
 PSYoungGen      total 446464K, used 240408K [0x0000000781680000, 0x00000007a1980000, 0x00000007c0000000)
  eden space 397824K, 50% used [0x0000000781680000,0x000000078dbea120,0x0000000799b00000)
  from space 48640K, 78% used [0x0000000799b00000,0x000000079c05c148,0x000000079ca80000)
  to   space 51712K, 0% used [0x000000079e700000,0x000000079e700000,0x00000007a1980000)
 ParOldGen       total 179712K, used 110068K [0x00000006c5a00000, 0x00000006d0980000, 0x0000000781680000)
  object space 179712K, 61% used [0x00000006c5a00000,0x00000006cc57d1c8,0x00000006d0980000)
 Metaspace       used 90707K, capacity 91416K, committed 92120K, reserved 1128448K
  class space    used 13286K, capacity 13435K, committed 13568K, reserved 1048576K
GC Heap History (10 events):
Event: 8.738 GC heap before
{Heap before GC invocations=29 (full 4):
 PSYoungGen      total 386048K, used 370825K [0x0000000781680000, 0x000000079c080000, 0x00000007c0000000)
  eden space 348160K, 100% used [0x0000000781680000,0x0000000796a80000,0x0000000796a80000)
  from space 37888K, 59% used [0x0000000799b80000,0x000000079b1a25b8,0x000000079c080000)
  to   space 44032K, 0% used [0x0000000796a80000,0x0000000796a80000,0x0000000799580000)
 ParOldGen       total 179712K, used 95021K [0x00000006c5a00000, 0x00000006d0980000, 0x0000000781680000)
  object space 179712K, 52% used [0x00000006c5a00000,0x00000006cb6cb5a8,0x00000006d0980000)
 Metaspace       used 83451K, capacity 83972K, committed 84824K, reserved 1122304K
  class space    used 12371K, capacity 12541K, committed 12672K, reserved 1048576K
Event: 8.744 GC heap after
Heap after GC invocations=29 (full 4):
 PSYoungGen      total 392192K, used 21643K [0x0000000781680000, 0x000000079dc80000, 0x00000007c0000000)
  eden space 348160K, 0% used [0x0000000781680000,0x0000000781680000,0x0000000796a80000)
  from space 44032K, 49% used [0x0000000796a80000,0x0000000797fa2dc0,0x0000000799580000)
  to   space 42496K, 0% used [0x000000079b300000,0x000000079b300000,0x000000079dc80000)
 ParOldGen       total 179712K, used 95029K [0x00000006c5a00000, 0x00000006d0980000, 0x0000000781680000)
  object space 179712K, 52% used [0x00000006c5a00000,0x00000006cb6cd5a8,0x00000006d0980000)
 Metaspace       used 83451K, capacity 83972K, committed 84824K, reserved 1122304K
  class space    used 12371K, capacity 12541K, committed 12672K, reserved 1048576K
}
Event: 9.389 GC heap before
{Heap before GC invocations=30 (full 4):
 PSYoungGen      total 392192K, used 369803K [0x0000000781680000, 0x000000079dc80000, 0x00000007c0000000)
  eden space 348160K, 100% used [0x0000000781680000,0x0000000796a80000,0x0000000796a80000)
  from space 44032K, 49% used [0x0000000796a80000,0x0000000797fa2dc0,0x0000000799580000)
  to   space 42496K, 0% used [0x000000079b300000,0x000000079b300000,0x000000079dc80000)
 ParOldGen       total 179712K, used 95029K [0x00000006c5a00000, 0x00000006d0980000, 0x0000000781680000)
  object space 179712K, 52% used [0x00000006c5a00000,0x00000006cb6cd5a8,0x00000006d0980000)
 Metaspace       used 83603K, capacity 84240K, committed 85080K, reserved 1122304K
  class space    used 12374K, capacity 12543K, committed 12672K, reserved 1048576K
Event: 9.396 GC heap after
Heap after GC invocations=30 (full 4):
 PSYoungGen      total 415232K, used 22370K [0x0000000781680000, 0x000000079d800000, 0x00000007c0000000)
  eden space 377344K, 0% used [0x0000000781680000,0x0000000781680000,0x0000000798700000)
  from space 37888K, 59% used [0x000000079b300000,0x000000079c8d8aa8,0x000000079d800000)
  to   space 41472K, 0% used [0x0000000798700000,0x0000000798700000,0x000000079af80000)
 ParOldGen       total 179712K, used 95037K [0x00000006c5a00000, 0x00000006d0980000, 0x0000000781680000)
  object space 179712K, 52% used [0x00000006c5a00000,0x00000006cb6cf5a8,0x00000006d0980000)
 Metaspace       used 83603K, capacity 84240K, committed 85080K, reserved 1122304K
  class space    used 12374K, capacity 12543K, committed 12672K, reserved 1048576K
}
Event: 19.255 GC heap before
{Heap before GC invocations=31 (full 4):
 PSYoungGen      total 415232K, used 399642K [0x0000000781680000, 0x000000079d800000, 0x00000007c0000000)
  eden space 377344K, 99% used [0x0000000781680000,0x00000007986ee068,0x0000000798700000)
  from space 37888K, 59% used [0x000000079b300000,0x000000079c8d8aa8,0x000000079d800000)
  to   space 41472K, 0% used [0x0000000798700000,0x0000000798700000,0x000000079af80000)
 ParOldGen       total 179712K, used 95037K [0x00000006c5a00000, 0x00000006d0980000, 0x0000000781680000)
  object space 179712K, 52% used [0x00000006c5a00000,0x00000006cb6cf5a8,0x00000006d0980000)
 Metaspace       used 87439K, capacity 88092K, committed 88792K, reserved 1124352K
  class space    used 12820K, capacity 12977K, committed 13056K, reserved 1048576K
Event: 19.263 GC heap after
Heap after GC invocations=31 (full 4):
 PSYoungGen      total 418816K, used 31733K [0x0000000781680000, 0x000000079f600000, 0x00000007c0000000)
  eden space 377344K, 0% used [0x0000000781680000,0x0000000781680000,0x0000000798700000)
  from space 41472K, 76% used [0x0000000798700000,0x000000079a5fd690,0x000000079af80000)
  to   space 44032K, 0% used [0x000000079cb00000,0x000000079cb00000,0x000000079f600000)
 ParOldGen       total 179712K, used 95045K [0x00000006c5a00000, 0x00000006d0980000, 0x0000000781680000)
  object space 179712K, 52% used [0x00000006c5a00000,0x00000006cb6d15a8,0x00000006d0980000)
 Metaspace       used 87439K, capacity 88092K, committed 88792K, reserved 1124352K
  class space    used 12820K, capacity 12977K, committed 13056K, reserved 1048576K
}
Event: 59.206 GC heap before
{Heap before GC invocations=32 (full 4):
 PSYoungGen      total 418816K, used 409077K [0x0000000781680000, 0x000000079f600000, 0x00000007c0000000)
  eden space 377344K, 100% used [0x0000000781680000,0x0000000798700000,0x0000000798700000)
  from space 41472K, 76% used [0x0000000798700000,0x000000079a5fd690,0x000000079af80000)
  to   space 44032K, 0% used [0x000000079cb00000,0x000000079cb00000,0x000000079f600000)
 ParOldGen       total 179712K, used 95045K [0x00000006c5a00000, 0x00000006d0980000, 0x0000000781680000)
  object space 179712K, 52% used [0x00000006c5a00000,0x00000006cb6d15a8,0x00000006d0980000)
 Metaspace       used 89176K, capacity 89842K, committed 90456K, reserved 1126400K
  class space    used 13003K, capacity 13146K, committed 13184K, reserved 1048576K
Event: 59.217 GC heap after
Heap after GC invocations=32 (full 4):
 PSYoungGen      total 441856K, used 38976K [0x0000000781680000, 0x000000079fa00000, 0x00000007c0000000)
  eden space 397824K, 0% used [0x0000000781680000,0x0000000781680000,0x0000000799b00000)
  from space 44032K, 88% used [0x000000079cb00000,0x000000079f1100c0,0x000000079f600000)
  to   space 48640K, 0% used [0x0000000799b00000,0x0000000799b00000,0x000000079ca80000)
 ParOldGen       total 179712K, used 110068K [0x00000006c5a00000, 0x00000006d0980000, 0x0000000781680000)
  object space 179712K, 61% used [0x00000006c5a00000,0x00000006cc57d1c8,0x00000006d0980000)
 Metaspace       used 89176K, capacity 89842K, committed 90456K, reserved 1126400K
  class space    used 13003K, capacity 13146K, committed 13184K, reserved 1048576K
}
Event: 59.544 GC heap before
{Heap before GC invocations=33 (full 4):
 PSYoungGen      total 441856K, used 436800K [0x0000000781680000, 0x000000079fa00000, 0x00000007c0000000)
  eden space 397824K, 100% used [0x0000000781680000,0x0000000799b00000,0x0000000799b00000)
  from space 44032K, 88% used [0x000000079cb00000,0x000000079f1100c0,0x000000079f600000)
  to   space 48640K, 0% used [0x0000000799b00000,0x0000000799b00000,0x000000079ca80000)
 ParOldGen       total 179712K, used 110068K [0x00000006c5a00000, 0x00000006d0980000, 0x0000000781680000)
  object space 179712K, 61% used [0x00000006c5a00000,0x00000006cc57d1c8,0x00000006d0980000)
 Metaspace       used 89223K, capacity 89938K, committed 90584K, reserved 1126400K
  class space    used 13012K, capacity 13178K, committed 13312K, reserved 1048576K
Event: 59.551 GC heap after
Heap after GC invocations=33 (full 4):
 PSYoungGen      total 446464K, used 38256K [0x0000000781680000, 0x00000007a1980000, 0x00000007c0000000)
  eden space 397824K, 0% used [0x0000000781680000,0x0000000781680000,0x0000000799b00000)
  from space 48640K, 78% used [0x0000000799b00000,0x000000079c05c148,0x000000079ca80000)
  to   space 51712K, 0% used [0x000000079e700000,0x000000079e700000,0x00000007a1980000)
 ParOldGen       total 179712K, used 110068K [0x00000006c5a00000, 0x00000006d0980000, 0x0000000781680000)
  object space 179712K, 61% used [0x00000006c5a00000,0x00000006cc57d1c8,0x00000006d0980000)
 Metaspace       used 89223K, capacity 89938K, committed 90584K, reserved 1126400K
  class space    used 13012K, capacity 13178K, committed 13312K, reserved 1048576K
}

